# JRE version: Java(TM) SE Runtime Environment (8.0_45-b14) (build 1.8.0_45-b14)
# Java VM: Java HotSpot(TM) 64-Bit Server VM (25.45-b02 mixed mode bsd-amd64 compressed oops)
Heap:
 PSYoungGen      total 514048K, used 225100K [0x0000000795580000, 0x00000007c0000000, 0x00000007c0000000)
  eden space 448000K, 35% used [0x0000000795580000,0x000000079f11be60,0x00000007b0b00000)
  from space 66048K, 99% used [0x00000007b0b00000,0x00000007b4b371f0,0x00000007b4b80000)
  to   space 126976K, 0% used [0x00000007b8400000,0x00000007b8400000,0x00000007c0000000)
 ParOldGen       total 1070080K, used 995384K [0x0000000740000000, 0x0000000781500000, 0x0000000795580000)
  object space 1070080K, 93% used [0x0000000740000000,0x000000077cc0e148,0x0000000781500000)
 Metaspace       used 37923K, capacity 38119K, committed 38320K, reserved 1083392K
  class space    used 4441K, capacity 4511K, committed 4528K, reserved 1048576K
GC Heap History (10 events):
Event: 493.423 GC heap before
{Heap before GC invocations=159 (full 10):
 PSYoungGen      total 568832K, used 538451K [0x0000000795580000, 0x00000007bff00000, 0x00000007c0000000)
  eden space 440320K, 100% used [0x0000000795580000,0x00000007b0380000,0x00000007b0380000)
  from space 128512K, 76% used [0x00000007b7e80000,0x00000007bde54fa0,0x00000007bfc00000)
  to   space 125952K, 0% used [0x00000007b0380000,0x00000007b0380000,0x00000007b7e80000)
 ParOldGen       total 1070080K, used 964483K [0x0000000740000000, 0x0000000781500000, 0x0000000795580000)
  object space 1070080K, 90% used [0x0000000740000000,0x000000077ade0db8,0x0000000781500000)
 Metaspace       used 37856K, capacity 38055K, committed 38320K, reserved 1083392K
  class space    used 4441K, capacity 4511K, committed 4528K, reserved 1048576K
Event: 493.465 GC heap after
Heap after GC invocations=159 (full 10):
 PSYoungGen      total 566272K, used 100583K [0x0000000795580000, 0x00000007bf980000, 0x00000007c0000000)
  eden space 440320K, 0% used [0x0000000795580000,0x0000000795580000,0x00000007b0380000)
  from space 125952K, 79% used [0x00000007b0380000,0x00000007b65b9c90,0x00000007b7e80000)
  to   space 123904K, 0% used [0x00000007b8080000,0x00000007b8080000,0x00000007bf980000)
 ParOldGen       total 1070080K, used 965810K [0x0000000740000000, 0x0000000781500000, 0x0000000795580000)
  object space 1070080K, 90% used [0x0000000740000000,0x000000077af2c998,0x0000000781500000)
 Metaspace       used 37856K, capacity 38055K, committed 38320K, reserved 1083392K
  class space    used 4441K, capacity 4511K, committed 4528K, reserved 1048576K
}
Event: 502.737 GC heap before
{Heap before GC invocations=160 (full 10):
 PSYoungGen      total 566272K, used 540903K [0x0000000795580000, 0x00000007bf980000, 0x00000007c0000000)
  eden space 440320K, 100% used [0x0000000795580000,0x00000007b0380000,0x00000007b0380000)
  from space 125952K, 79% used [0x00000007b0380000,0x00000007b65b9c90,0x00000007b7e80000)
  to   space 123904K, 0% used [0x00000007b8080000,0x00000007b8080000,0x00000007bf980000)
 ParOldGen       total 1070080K, used 965810K [0x0000000740000000, 0x0000000781500000, 0x0000000795580000)
  object space 1070080K, 90% used [0x0000000740000000,0x000000077af2c998,0x0000000781500000)
 Metaspace       used 37859K, capacity 38119K, committed 38320K, reserved 1083392K
  class space    used 4441K, capacity 4511K, committed 4528K, reserved 1048576K
Event: 502.805 GC heap after
Heap after GC invocations=160 (full 10):
 PSYoungGen      total 570368K, used 96908K [0x0000000795580000, 0x00000007bf980000, 0x00000007c0000000)
  eden space 446464K, 0% used [0x0000000795580000,0x0000000795580000,0x00000007b0980000)
  from space 123904K, 78% used [0x00000007b8080000,0x00000007bdf231a0,0x00000007bf980000)
  to   space 121856K, 0% used [0x00000007b0980000,0x00000007b0980000,0x00000007b8080000)
 ParOldGen       total 1070080K, used 975374K [0x0000000740000000, 0x0000000781500000, 0x0000000795580000)
  object space 1070080K, 91% used [0x0000000740000000,0x000000077b883928,0x0000000781500000)
 Metaspace       used 37859K, capacity 38119K, committed 38320K, reserved 1083392K
  class space    used 4441K, capacity 4511K, committed 4528K, reserved 1048576K
}
Event: 511.314 GC heap before
{Heap before GC invocations=161 (full 10):
 PSYoungGen      total 570368K, used 543372K [0x0000000795580000, 0x00000007bf980000, 0x00000007c0000000)
  eden space 446464K, 100% used [0x0000000795580000,0x00000007b0980000,0x00000007b0980000)
  from space 123904K, 78% used [0x00000007b8080000,0x00000007bdf231a0,0x00000007bf980000)
  to   space 121856K, 0% used [0x00000007b0980000,0x00000007b0980000,0x00000007b8080000)
 ParOldGen       total 1070080K, used 975374K [0x0000000740000000, 0x0000000781500000, 0x0000000795580000)
  object space 1070080K, 91% used [0x0000000740000000,0x000000077b883928,0x0000000781500000)
 Metaspace       used 37881K, capacity 38119K, committed 38320K, reserved 1083392K
  class space    used 4441K, capacity 4511K, committed 4528K, reserved 1048576K
Event: 511.348 GC heap after
Heap after GC invocations=161 (full 10):
 PSYoungGen      total 568320K, used 73166K [0x0000000795580000, 0x00000007c0000000, 0x00000007c0000000)
  eden space 446464K, 0% used [0x0000000795580000,0x0000000795580000,0x00000007b0980000)
  from space 121856K, 60% used [0x00000007b0980000,0x00000007b50f3b20,0x00000007b8080000)
  to   space 123904K, 0% used [0x00000007b8700000,0x00000007b8700000,0x00000007c0000000)
 ParOldGen       total 1070080K, used 985407K [0x0000000740000000, 0x0000000781500000, 0x0000000795580000)
  object space 1070080K, 92% used [0x0000000740000000,0x000000077c24ff68,0x0000000781500000)
 Metaspace       used 37881K, capacity 38119K, committed 38320K, reserved 1083392K
  class space    used 4441K, capacity 4511K, committed 4528K, reserved 1048576K
}
Event: 519.973 GC heap before
{Heap before GC invocations=162 (full 10):
 PSYoungGen      total 568320K, used 519630K [0x0000000795580000, 0x00000007c0000000, 0x00000007c0000000)
  eden space 446464K, 100% used [0x0000000795580000,0x00000007b0980000,0x00000007b0980000)
  from space 121856K, 60% used [0x00000007b0980000,0x00000007b50f3b20,0x00000007b8080000)
  to   space 123904K, 0% used [0x00000007b8700000,0x00000007b8700000,0x00000007c0000000)
 ParOldGen       total 1070080K, used 985407K [0x0000000740000000, 0x0000000781500000, 0x0000000795580000)
  object space 1070080K, 92% used [0x0000000740000000,0x000000077c24ff68,0x0000000781500000)
 Metaspace       used 37896K, capacity 38119K, committed 38320K, reserved 1083392K
  class space    used 4441K, capacity 4511K, committed 4528K, reserved 1048576K
Event: 520.001 GC heap after
Heap after GC invocations=162 (full 10):
 PSYoungGen      total 571904K, used 68853K [0x0000000795580000, 0x00000007c0000000, 0x00000007c0000000)
  eden space 448000K, 0% used [0x0000000795580000,0x0000000795580000,0x00000007b0b00000)
  from space 123904K, 55% used [0x00000007b8700000,0x00000007bca3d470,0x00000007c0000000)
  to   space 125440K, 0% used [0x00000007b0b00000,0x00000007b0b00000,0x00000007b8580000)
 ParOldGen       total 1070080K, used 994857K [0x0000000740000000, 0x0000000781500000, 0x0000000795580000)
  object space 1070080K, 92% used [0x0000000740000000,0x000000077cb8a708,0x0000000781500000)
 Metaspace       used 37896K, capacity 38119K, committed 38320K, reserved 1083392K
  class space    used 4441K, capacity 4511K, committed 4528K, reserved 1048576K
}
Event: 529.496 GC heap before
{Heap before GC invocations=163 (full 10):
 PSYoungGen      total 571904K, used 516853K [0x0000000795580000, 0x00000007c0000000, 0x00000007c0000000)
  eden space 448000K, 100% used [0x0000000795580000,0x00000007b0b00000,0x00000007b0b00000)
  from space 123904K, 55% used [0x00000007b8700000,0x00000007bca3d470,0x00000007c0000000)
  to   space 125440K, 0% used [0x00000007b0b00000,0x00000007b0b00000,0x00000007b8580000)
 ParOldGen       total 1070080K, used 994857K [0x0000000740000000, 0x0000000781500000, 0x0000000795580000)
  object space 1070080K, 92% used [0x0000000740000000,0x000000077cb8a708,0x0000000781500000)
 Metaspace       used 37904K, capacity 38119K, committed 38320K, reserved 1083392K
  class space    used 4441K, capacity 4511K, committed 4528K, reserved 1048576K
Event: 529.524 GC heap after
Heap after GC invocations=163 (full 10):
 PSYoungGen      total 514048K, used 65756K [0x0000000795580000, 0x00000007c0000000, 0x00000007c0000000)
  eden space 448000K, 0% used [0x0000000795580000,0x0000000795580000,0x00000007b0b00000)
  from space 66048K, 99% used [0x00000007b0b00000,0x00000007b4b371f0,0x00000007b4b80000)
  to   space 126976K, 0% used [0x00000007b8400000,0x00000007b8400000,0x00000007c0000000)
 ParOldGen       total 1070080K, used 995384K [0x0000000740000000, 0x0000000781500000, 0x0000000795580000)
  object space 1070080K, 93% used [0x0000000740000000,0x000000077cc0e148,0x0000000781500000)
 Metaspace       used 37904K, capacity 38119K, committed 38320K, reserved 1083392K
  class space    used 4441K, capacity 4511K, committed 4528K, reserved 1048576K
}

